Using pre-set license
Built from '2020.3/staging' branch; Version is '2020.3.19f1 (68f137dc9bbe) revision 6877495'; Using compiler version '192528614'; Build Type 'Release'
OS: 'Windows 10 Pro; OS build 19043.1288; Version 2009; 64bit' Language: 'en' Physical Memory: 8109 MB
BatchMode: 1, IsHumanControllingUs: 0, StartBugReporterOnCrash: 0, Is64bit: 1, IsPro: 0

COMMAND LINE ARGUMENTS:
C:\Program Files\Unity\Hub\Editor\2020.3.19f1\Editor\Unity.exe
-adb2
-batchMode
-noUpm
-name
AssetImportWorker0
-projectPath
C:/Users/zshei/Documents/Alt Arcade Interfaces/AltArcadeInterfaces/Alt-Redemption/Alt_Redemption_Game
-logFile
Logs/AssetImportWorker0.log
-srvPort
56438
Successfully changed project path to: C:/Users/zshei/Documents/Alt Arcade Interfaces/AltArcadeInterfaces/Alt-Redemption/Alt_Redemption_Game
C:/Users/zshei/Documents/Alt Arcade Interfaces/AltArcadeInterfaces/Alt-Redemption/Alt_Redemption_Game
Using Asset Import Pipeline V2.
Refreshing native plugins compatible for Editor in 53.29 ms, found 2 plugins.
Preloading 0 native plugins for Editor in 0.00 ms.
Initialize engine version: 2020.3.19f1 (68f137dc9bbe)
[Subsystems] Discovering subsystems at path C:/Program Files/Unity/Hub/Editor/2020.3.19f1/Editor/Data/Resources/UnitySubsystems
[Subsystems] Discovering subsystems at path C:/Users/zshei/Documents/Alt Arcade Interfaces/AltArcadeInterfaces/Alt-Redemption/Alt_Redemption_Game/Assets
GfxDevice: creating device client; threaded=0
Direct3D:
    Version:  Direct3D 11.0 [level 11.1]
    Renderer: Intel(R) HD Graphics 620 (ID=0x5916)
    Vendor:   
    VRAM:     4054 MB
    Driver:   27.20.100.8682
Initialize mono
Mono path[0] = 'C:/Program Files/Unity/Hub/Editor/2020.3.19f1/Editor/Data/Managed'
Mono path[1] = 'C:/Program Files/Unity/Hub/Editor/2020.3.19f1/Editor/Data/MonoBleedingEdge/lib/mono/unityjit'
Mono config path = 'C:/Program Files/Unity/Hub/Editor/2020.3.19f1/Editor/Data/MonoBleedingEdge/etc'
Using monoOptions --debugger-agent=transport=dt_socket,embedding=1,server=y,suspend=n,address=127.0.0.1:56300
Begin MonoManager ReloadAssembly
Registering precompiled unity dll's ...
Register platform support module: C:/Program Files/Unity/Hub/Editor/2020.3.19f1/Editor/Data/PlaybackEngines/WindowsStandaloneSupport/UnityEditor.WindowsStandalone.Extensions.dll
Registered in 0.006747 seconds.
Native extension for WindowsStandalone target not found
Refreshing native plugins compatible for Editor in 54.01 ms, found 2 plugins.
Preloading 0 native plugins for Editor in 0.00 ms.
Mono: successfully reloaded assembly
- Completed reload, in  2.740 seconds
Domain Reload Profiling:
	ReloadAssembly (2741ms)
		BeginReloadAssembly (77ms)
			ExecutionOrderSort (0ms)
			DisableScriptedObjects (0ms)
			BackupInstance (0ms)
			ReleaseScriptingObjects (0ms)
			CreateAndSetChildDomain (1ms)
		EndReloadAssembly (567ms)
			LoadAssemblies (74ms)
			RebuildTransferFunctionScriptingTraits (0ms)
			SetupTypeCache (190ms)
			ReleaseScriptCaches (0ms)
			RebuildScriptCaches (38ms)
			SetupLoadedEditorAssemblies (250ms)
				LogAssemblyErrors (0ms)
				InitializePlatformSupportModulesInManaged (5ms)
				SetLoadedEditorAssemblies (0ms)
				RefreshPlugins (54ms)
				BeforeProcessingInitializeOnLoad (22ms)
				ProcessInitializeOnLoadAttributes (128ms)
				ProcessInitializeOnLoadMethodAttributes (40ms)
				AfterProcessingInitializeOnLoad (0ms)
				EditorAssembliesLoaded (0ms)
			ExecutionOrderSort2 (0ms)
			AwakeInstancesAfterBackupRestoration (0ms)
Platform modules already initialized, skipping
Registering precompiled user dll's ...
Registered in 0.024342 seconds.
Begin MonoManager ReloadAssembly
Native extension for WindowsStandalone target not found
Refreshing native plugins compatible for Editor in 0.73 ms, found 2 plugins.
Preloading 0 native plugins for Editor in 0.00 ms.
Mono: successfully reloaded assembly
- Completed reload, in  1.469 seconds
Domain Reload Profiling:
	ReloadAssembly (1470ms)
		BeginReloadAssembly (239ms)
			ExecutionOrderSort (0ms)
			DisableScriptedObjects (7ms)
			BackupInstance (0ms)
			ReleaseScriptingObjects (0ms)
			CreateAndSetChildDomain (30ms)
		EndReloadAssembly (1160ms)
			LoadAssemblies (200ms)
			RebuildTransferFunctionScriptingTraits (0ms)
			SetupTypeCache (337ms)
			ReleaseScriptCaches (0ms)
			RebuildScriptCaches (53ms)
			SetupLoadedEditorAssemblies (496ms)
				LogAssemblyErrors (0ms)
				InitializePlatformSupportModulesInManaged (6ms)
				SetLoadedEditorAssemblies (1ms)
				RefreshPlugins (1ms)
				BeforeProcessingInitializeOnLoad (116ms)
				ProcessInitializeOnLoadAttributes (360ms)
				ProcessInitializeOnLoadMethodAttributes (5ms)
				AfterProcessingInitializeOnLoad (7ms)
				EditorAssembliesLoaded (0ms)
			ExecutionOrderSort2 (0ms)
			AwakeInstancesAfterBackupRestoration (8ms)
Platform modules already initialized, skipping
========================================================================
Worker process is ready to serve import requests
Launched and connected shader compiler UnityShaderCompiler.exe after 0.12 seconds
Refreshing native plugins compatible for Editor in 1.23 ms, found 2 plugins.
Preloading 0 native plugins for Editor in 0.00 ms.
Unloading 1907 Unused Serialized files (Serialized files now loaded: 0)
System memory in use before: 93.6 MB.
System memory in use after: 93.7 MB.

Unloading 16 unused Assets to reduce memory usage. Loaded Objects now: 2349.
Total: 16.280200 ms (FindLiveObjects: 0.699400 ms CreateObjectMapping: 0.366200 ms MarkObjects: 15.036400 ms  DeleteObjects: 0.174100 ms)

AssetImportParameters requested are different than current active one (requested -> active):
  custom:framework-win-MediaFoundation: 216162199b28c13a410421893ffa2e32 -> 
  custom:video-decoder-ogg-theora: a1e56fd34408186e4bbccfd4996cb3dc -> 
  custom:container-muxer-webm: aa71ff27fc2769a1b78a27578f13a17b -> 
  custom:container-demuxer-webm: 4f35f7cbe854078d1ac9338744f61a02 -> 
  custom:container-demuxer-ogg: 62fdf1f143b41e24485cea50d1cbac27 -> 
  custom:video-encoder-webm-vp8: eb34c28f22e8b96e1ab97ce403110664 -> 
  custom:video-codec-MediaFoundation-h265: 746d11721c4dcdbdad8f713fa42b33f4 -> 
  custom:video-decoder-webm-vp8: 9c59270c3fd7afecdb556c50c9e8de78 -> 
  custom:audio-decoder-ogg-vorbis: bf7c407c2cedff20999df2af8eb42d56 -> 
  custom:audio-encoder-webm-vorbis: bf7c407c2cedff20999df2af8eb42d56 -> 
========================================================================
Received Import Request.
  path: Assets/Confetti FX/Prefabs/3D/DirectionalExplosion/ConfettiDirectionalBlack.prefab
  artifactKey: Guid(d121e8d01e2803b419d07beba6c707cb) Importer(815301076,1909f56bfc062723c751e8b465ee728b)
Start importing Assets/Confetti FX/Prefabs/3D/DirectionalExplosion/ConfettiDirectionalBlack.prefab using Guid(d121e8d01e2803b419d07beba6c707cb) Importer(815301076,1909f56bfc062723c751e8b465ee728b)  -> (artifact id: '540bae0f5968f1f54dd74c18126c4173') in 0.583927 seconds 
  Import took 0.597092 seconds .

========================================================================
Received Import Request.
  Time since last request: 0.000780 seconds.
  path: Assets/Confetti FX/Prefabs/3D/DirectionalExplosion/ConfettiDirectionalGreen.prefab
  artifactKey: Guid(269c295108dad5d49a9743ba4b27efd1) Importer(815301076,1909f56bfc062723c751e8b465ee728b)
Start importing Assets/Confetti FX/Prefabs/3D/DirectionalExplosion/ConfettiDirectionalGreen.prefab using Guid(269c295108dad5d49a9743ba4b27efd1) Importer(815301076,1909f56bfc062723c751e8b465ee728b)  -> (artifact id: '96d54593f42e6e540305baba6578ee77') in 0.048963 seconds 
  Import took 0.070277 seconds .

========================================================================
Received Import Request.
  Time since last request: 0.000328 seconds.
  path: Assets/Confetti FX/Prefabs/3D/DirectionalExplosion/ConfettiDirectionalOrange.prefab
  artifactKey: Guid(a0f4fded26a3315409eb5b5899942dee) Importer(815301076,1909f56bfc062723c751e8b465ee728b)
Start importing Assets/Confetti FX/Prefabs/3D/DirectionalExplosion/ConfettiDirectionalOrange.prefab using Guid(a0f4fded26a3315409eb5b5899942dee) Importer(815301076,1909f56bfc062723c751e8b465ee728b)  -> (artifact id: '499052038bbc8743198595c26d034c54') in 0.211084 seconds 
  Import took 0.224594 seconds .

========================================================================
Received Import Request.
  Time since last request: 0.000710 seconds.
  path: Assets/Confetti FX/Prefabs/3D/DirectionalExplosion/ConfettiDirectionalMix.prefab
  artifactKey: Guid(2910cdbfb71715e45a9cfd87c871e071) Importer(815301076,1909f56bfc062723c751e8b465ee728b)
Start importing Assets/Confetti FX/Prefabs/3D/DirectionalExplosion/ConfettiDirectionalMix.prefab using Guid(2910cdbfb71715e45a9cfd87c871e071) Importer(815301076,1909f56bfc062723c751e8b465ee728b)  -> (artifact id: 'e8af768f74bfab4ffe43add5a959612d') in 0.062754 seconds 
  Import took 0.078106 seconds .

========================================================================
Received Import Request.
  Time since last request: 0.000447 seconds.
  path: Assets/Confetti FX/Models/confetti_doublesided.FBX
  artifactKey: Guid(e7231ef5daf5b2f48a4f49b2627b80f7) Importer(815301076,1909f56bfc062723c751e8b465ee728b)
Start importing Assets/Confetti FX/Models/confetti_doublesided.FBX using Guid(e7231ef5daf5b2f48a4f49b2627b80f7) Importer(815301076,1909f56bfc062723c751e8b465ee728b)  -> (artifact id: 'fd41b371d90d58f36aeff16f9ff3e76c') in 0.430346 seconds 
  Import took 0.441454 seconds .

========================================================================
Received Import Request.
  Time since last request: 0.000497 seconds.
  path: Assets/Confetti FX/Prefabs/3D/DirectionalExplosion
  artifactKey: Guid(b3d21f0651165d648ac264d60bfb05df) Importer(815301076,1909f56bfc062723c751e8b465ee728b)
Start importing Assets/Confetti FX/Prefabs/3D/DirectionalExplosion using Guid(b3d21f0651165d648ac264d60bfb05df) Importer(815301076,1909f56bfc062723c751e8b465ee728b)  -> (artifact id: '73eea67778b3bf09cfc37c8329941a7f') in 0.028833 seconds 
  Import took 0.040776 seconds .

========================================================================
Received Import Request.
  Time since last request: 0.000270 seconds.
  path: Assets/Confetti FX/Prefabs/3D/DirectionalExplosion/ConfettiDirectionalBlue.prefab
  artifactKey: Guid(b90d7a265f19c644c8bf6281c0174872) Importer(815301076,1909f56bfc062723c751e8b465ee728b)
Start importing Assets/Confetti FX/Prefabs/3D/DirectionalExplosion/ConfettiDirectionalBlue.prefab using Guid(b90d7a265f19c644c8bf6281c0174872) Importer(815301076,1909f56bfc062723c751e8b465ee728b)  -> (artifact id: '56fd9b9c159522f7567ae6e40d49fbd8') in 0.058229 seconds 
  Import took 0.067690 seconds .

========================================================================
Received Import Request.
  Time since last request: 0.000286 seconds.
  path: Assets/Confetti FX/Prefabs/3D/DirectionalExplosion/ConfettiDirectionalPurple.prefab
  artifactKey: Guid(02509d55fd19507408d34dec06ddcf7c) Importer(815301076,1909f56bfc062723c751e8b465ee728b)
Start importing Assets/Confetti FX/Prefabs/3D/DirectionalExplosion/ConfettiDirectionalPurple.prefab using Guid(02509d55fd19507408d34dec06ddcf7c) Importer(815301076,1909f56bfc062723c751e8b465ee728b)  -> (artifact id: '8d3bbc055258f4bf963c942760e0ee20') in 0.040989 seconds 
  Import took 0.055382 seconds .

========================================================================
Received Import Request.
  Time since last request: 0.000562 seconds.
  path: Assets/Confetti FX/Prefabs/3D/DirectionalExplosion/ConfettiDirectionalWhite.prefab
  artifactKey: Guid(578c0ec0324f90b4099185428e07daf3) Importer(815301076,1909f56bfc062723c751e8b465ee728b)
Start importing Assets/Confetti FX/Prefabs/3D/DirectionalExplosion/ConfettiDirectionalWhite.prefab using Guid(578c0ec0324f90b4099185428e07daf3) Importer(815301076,1909f56bfc062723c751e8b465ee728b)  -> (artifact id: 'fe2d652f59566df1919ce6cc65be9358') in 0.046870 seconds 
  Import took 0.057506 seconds .

========================================================================
Received Import Request.
  Time since last request: 0.000340 seconds.
  path: Assets/Confetti FX/Prefabs
  artifactKey: Guid(89e6e091728b40541998002bb1cbe0a0) Importer(815301076,1909f56bfc062723c751e8b465ee728b)
Start importing Assets/Confetti FX/Prefabs using Guid(89e6e091728b40541998002bb1cbe0a0) Importer(815301076,1909f56bfc062723c751e8b465ee728b)  -> (artifact id: 'dbd49158bddde77c70b12a835caf8a19') in 0.031100 seconds 
  Import took 0.041630 seconds .

========================================================================
Received Import Request.
  Time since last request: 0.000448 seconds.
  path: Assets/Confetti FX/Prefabs/3D/DirectionalExplosion/ConfettiDirectionalYellow.prefab
  artifactKey: Guid(58ba1576c9f04b342889957eb734c3cc) Importer(815301076,1909f56bfc062723c751e8b465ee728b)
Start importing Assets/Confetti FX/Prefabs/3D/DirectionalExplosion/ConfettiDirectionalYellow.prefab using Guid(58ba1576c9f04b342889957eb734c3cc) Importer(815301076,1909f56bfc062723c751e8b465ee728b)  -> (artifact id: '98e73f358b10c16717ebbf578fa13337') in 0.064648 seconds 
  Import took 0.072062 seconds .

========================================================================
Received Import Request.
  Time since last request: 0.000316 seconds.
  path: Assets/Confetti FX/Prefabs/3D
  artifactKey: Guid(470e0fac321653d4fb46548e49fb9b92) Importer(815301076,1909f56bfc062723c751e8b465ee728b)
Start importing Assets/Confetti FX/Prefabs/3D using Guid(470e0fac321653d4fb46548e49fb9b92) Importer(815301076,1909f56bfc062723c751e8b465ee728b)  -> (artifact id: 'ff7232007a79233124223d664ad57f57') in 0.022884 seconds 
  Import took 0.037414 seconds .

========================================================================
Received Import Request.
  Time since last request: 24.417571 seconds.
  path: Assets/Confetti FX/Prefabs/3D/Explosion
  artifactKey: Guid(16a76ddb2b7d2ee42a2c0bfb615ba918) Importer(815301076,1909f56bfc062723c751e8b465ee728b)
Start importing Assets/Confetti FX/Prefabs/3D/Explosion using Guid(16a76ddb2b7d2ee42a2c0bfb615ba918) Importer(815301076,1909f56bfc062723c751e8b465ee728b)  -> (artifact id: 'bd741d4628c03face59da35436de43f8') in 0.027219 seconds 
  Import took 0.036713 seconds .

========================================================================
Received Import Request.
  Time since last request: 0.451599 seconds.
  path: Assets/Confetti FX/Prefabs/3D/Fountain
  artifactKey: Guid(1ac39a98161ab284abe76c8d0e446abd) Importer(815301076,1909f56bfc062723c751e8b465ee728b)
Start importing Assets/Confetti FX/Prefabs/3D/Fountain using Guid(1ac39a98161ab284abe76c8d0e446abd) Importer(815301076,1909f56bfc062723c751e8b465ee728b)  -> (artifact id: 'e13bf5c9665d455fa46ba2b405361cdd') in 0.025505 seconds 
  Import took 0.032831 seconds .

========================================================================
Received Import Request.
  Time since last request: 114.678311 seconds.
  path: Assets/Confetti FX/Prefabs/3D/Explosion/ConfettiExplosionWhite.prefab
  artifactKey: Guid(fda59ba77c73b064b9aa55c3248adfbc) Importer(815301076,1909f56bfc062723c751e8b465ee728b)
Start importing Assets/Confetti FX/Prefabs/3D/Explosion/ConfettiExplosionWhite.prefab using Guid(fda59ba77c73b064b9aa55c3248adfbc) Importer(815301076,1909f56bfc062723c751e8b465ee728b)  -> (artifact id: 'fe1c0d8208a65fa45ba6a2990daadab2') in 0.044702 seconds 
  Import took 0.052634 seconds .

========================================================================
Received Import Request.
  Time since last request: 1.826993 seconds.
  path: Assets/Confetti FX/Prefabs/3D/Explosion/ConfettiExplosionPurple.prefab
  artifactKey: Guid(576920423440ad540b7ec6a48b1336a5) Importer(815301076,1909f56bfc062723c751e8b465ee728b)
Start importing Assets/Confetti FX/Prefabs/3D/Explosion/ConfettiExplosionPurple.prefab using Guid(576920423440ad540b7ec6a48b1336a5) Importer(815301076,1909f56bfc062723c751e8b465ee728b)  -> (artifact id: 'c10c9c971aa28b3e3f2a61ef9a933f70') in 0.032751 seconds 
  Import took 0.052978 seconds .

========================================================================
Received Import Request.
  Time since last request: 3.860909 seconds.
  path: Assets/Confetti FX/Prefabs/3D/Explosion/ConfettiExplosionYellow.prefab
  artifactKey: Guid(62149f8009bcc9c4db087e1508d8a73b) Importer(815301076,1909f56bfc062723c751e8b465ee728b)
Start importing Assets/Confetti FX/Prefabs/3D/Explosion/ConfettiExplosionYellow.prefab using Guid(62149f8009bcc9c4db087e1508d8a73b) Importer(815301076,1909f56bfc062723c751e8b465ee728b)  -> (artifact id: '45ec09ea98a9444601902e2700b18f35') in 0.033233 seconds 
  Import took 0.039422 seconds .

========================================================================
Received Import Request.
  Time since last request: 1.393101 seconds.
  path: Assets/Confetti FX/Prefabs/3D/Explosion/ConfettiExplosionMix.prefab
  artifactKey: Guid(1805b6a59d8bf1e4fabb266117b0e2cb) Importer(815301076,1909f56bfc062723c751e8b465ee728b)
Start importing Assets/Confetti FX/Prefabs/3D/Explosion/ConfettiExplosionMix.prefab using Guid(1805b6a59d8bf1e4fabb266117b0e2cb) Importer(815301076,1909f56bfc062723c751e8b465ee728b)  -> (artifact id: '9574cd54d1e55cf91ddd3f567827e6bb') in 0.025465 seconds 
  Import took 0.030847 seconds .

========================================================================
Received Import Request.
  Time since last request: 0.685338 seconds.
  path: Assets/Confetti FX/Prefabs/3D/Explosion/ConfettiExplosionOrange.prefab
  artifactKey: Guid(9b8ba25532ae67e408402b3fa31e4b88) Importer(815301076,1909f56bfc062723c751e8b465ee728b)
Start importing Assets/Confetti FX/Prefabs/3D/Explosion/ConfettiExplosionOrange.prefab using Guid(9b8ba25532ae67e408402b3fa31e4b88) Importer(815301076,1909f56bfc062723c751e8b465ee728b)  -> (artifact id: '2971989c4cd12698b25b93f77afa47ba') in 0.026913 seconds 
  Import took 0.044551 seconds .

========================================================================
Received Import Request.
  Time since last request: 132.399357 seconds.
  path: Assets/Confetti FX/Prefabs/3D/Explosion/ConfettiExplosionBlue.prefab
  artifactKey: Guid(a771f1d639b6be34ab98afe5e21afd63) Importer(815301076,1909f56bfc062723c751e8b465ee728b)
Start importing Assets/Confetti FX/Prefabs/3D/Explosion/ConfettiExplosionBlue.prefab using Guid(a771f1d639b6be34ab98afe5e21afd63) Importer(815301076,1909f56bfc062723c751e8b465ee728b)  -> (artifact id: '4e436f451b21d17b14b1910a295c61b4') in 0.035178 seconds 
  Import took 0.040466 seconds .

========================================================================
Received Import Request.
  Time since last request: 16.161732 seconds.
  path: Assets/Confetti FX/Prefabs/3D/Explosion/ConfettiExplosionBlue.prefab
  artifactKey: Guid(a771f1d639b6be34ab98afe5e21afd63) Importer(815301076,1909f56bfc062723c751e8b465ee728b)
Start importing Assets/Confetti FX/Prefabs/3D/Explosion/ConfettiExplosionBlue.prefab using Guid(a771f1d639b6be34ab98afe5e21afd63) Importer(815301076,1909f56bfc062723c751e8b465ee728b)  -> (artifact id: '03245988e2b86df37b10af4911f95617') in 0.026348 seconds 
  Import took 0.035317 seconds .

========================================================================
Received Import Request.
  Time since last request: 2.341401 seconds.
  path: Assets/Confetti FX/Prefabs/3D/Explosion/ConfettiExplosionBlue.prefab
  artifactKey: Guid(a771f1d639b6be34ab98afe5e21afd63) Importer(815301076,1909f56bfc062723c751e8b465ee728b)
Start importing Assets/Confetti FX/Prefabs/3D/Explosion/ConfettiExplosionBlue.prefab using Guid(a771f1d639b6be34ab98afe5e21afd63) Importer(815301076,1909f56bfc062723c751e8b465ee728b)  -> (artifact id: '040210917818458937a04c163f1570ba') in 0.026415 seconds 
  Import took 0.038176 seconds .

========================================================================
Received Import Request.
  Time since last request: 213.569565 seconds.
  path: Assets/Confetti FX/Models
  artifactKey: Guid(3d6d6df4372b4724dbb534d81143ca44) Importer(815301076,1909f56bfc062723c751e8b465ee728b)
Start importing Assets/Confetti FX/Models using Guid(3d6d6df4372b4724dbb534d81143ca44) Importer(815301076,1909f56bfc062723c751e8b465ee728b)  -> (artifact id: '57ef0d3078e23305a70dd308365b8082') in 0.036059 seconds 
  Import took 0.041197 seconds .

========================================================================
Received Import Request.
  Time since last request: 2.974375 seconds.
  path: Assets/Confetti FX/Textures
  artifactKey: Guid(9cd4d60cdf063334c97f244c046c26dc) Importer(815301076,1909f56bfc062723c751e8b465ee728b)
Start importing Assets/Confetti FX/Textures using Guid(9cd4d60cdf063334c97f244c046c26dc) Importer(815301076,1909f56bfc062723c751e8b465ee728b)  -> (artifact id: '02431cc9cc63adb8046de8709627ca21') in 0.022815 seconds 
  Import took 0.031827 seconds .

========================================================================
Received Import Request.
  Time since last request: 2.332349 seconds.
  path: Assets/Confetti FX/Upgrade
  artifactKey: Guid(60d497e230a2867469f160410f5c644f) Importer(815301076,1909f56bfc062723c751e8b465ee728b)
Start importing Assets/Confetti FX/Upgrade using Guid(60d497e230a2867469f160410f5c644f) Importer(815301076,1909f56bfc062723c751e8b465ee728b)  -> (artifact id: 'a45f5965b026c617422bc5a48935db0c') in 0.019284 seconds 
  Import took 0.038369 seconds .

========================================================================
Received Import Request.
  Time since last request: 3.897844 seconds.
  path: Assets/Confetti FX/Readme.txt
  artifactKey: Guid(6b2d10bad0823634192a8044bcc13d29) Importer(815301076,1909f56bfc062723c751e8b465ee728b)
Start importing Assets/Confetti FX/Readme.txt using Guid(6b2d10bad0823634192a8044bcc13d29) Importer(815301076,1909f56bfc062723c751e8b465ee728b)  -> (artifact id: '595600113797cf7a14c53f913c9a6932') in 0.028311 seconds 
  Import took 0.034481 seconds .

========================================================================
Received Import Request.
  Time since last request: 85.769075 seconds.
  path: Assets/Scripts/Paddle.cs
  artifactKey: Guid(4fbd2a86b60bdce4689acf4540912d40) Importer(815301076,1909f56bfc062723c751e8b465ee728b)
Start importing Assets/Scripts/Paddle.cs using Guid(4fbd2a86b60bdce4689acf4540912d40) Importer(815301076,1909f56bfc062723c751e8b465ee728b)  -> (artifact id: '22a4866aec79329197ff82cbdea9e170') in 5.919573 seconds 
  Import took 5.926450 seconds .

========================================================================
Received Prepare
Registering precompiled user dll's ...
Registered in 0.006662 seconds.
Begin MonoManager ReloadAssembly
Native extension for WindowsStandalone target not found
Refreshing native plugins compatible for Editor in 0.56 ms, found 2 plugins.
Preloading 0 native plugins for Editor in 0.00 ms.
Mono: successfully reloaded assembly
- Completed reload, in  2.035 seconds
Domain Reload Profiling:
	ReloadAssembly (2035ms)
		BeginReloadAssembly (292ms)
			ExecutionOrderSort (0ms)
			DisableScriptedObjects (10ms)
			BackupInstance (0ms)
			ReleaseScriptingObjects (0ms)
			CreateAndSetChildDomain (95ms)
		EndReloadAssembly (1557ms)
			LoadAssemblies (192ms)
			RebuildTransferFunctionScriptingTraits (0ms)
			SetupTypeCache (471ms)
			ReleaseScriptCaches (1ms)
			RebuildScriptCaches (69ms)
			SetupLoadedEditorAssemblies (672ms)
				LogAssemblyErrors (0ms)
				InitializePlatformSupportModulesInManaged (9ms)
				SetLoadedEditorAssemblies (1ms)
				RefreshPlugins (1ms)
				BeforeProcessingInitializeOnLoad (177ms)
				ProcessInitializeOnLoadAttributes (468ms)
				ProcessInitializeOnLoadMethodAttributes (6ms)
				AfterProcessingInitializeOnLoad (10ms)
				EditorAssembliesLoaded (0ms)
			ExecutionOrderSort2 (0ms)
			AwakeInstancesAfterBackupRestoration (11ms)
Platform modules already initialized, skipping
Refreshing native plugins compatible for Editor in 0.56 ms, found 2 plugins.
Preloading 0 native plugins for Editor in 0.00 ms.
Unloading 1838 Unused Serialized files (Serialized files now loaded: 0)
System memory in use before: 90.6 MB.
System memory in use after: 90.8 MB.

Unloading 11 unused Assets to reduce memory usage. Loaded Objects now: 2361.
Total: 3.860500 ms (FindLiveObjects: 0.330700 ms CreateObjectMapping: 0.134500 ms MarkObjects: 3.352300 ms  DeleteObjects: 0.026000 ms)

AssetImportParameters requested are different than current active one (requested -> active):
  custom:framework-win-MediaFoundation: 216162199b28c13a410421893ffa2e32 -> 
  custom:video-decoder-ogg-theora: a1e56fd34408186e4bbccfd4996cb3dc -> 
  custom:container-muxer-webm: aa71ff27fc2769a1b78a27578f13a17b -> 
  custom:container-demuxer-webm: 4f35f7cbe854078d1ac9338744f61a02 -> 
  custom:container-demuxer-ogg: 62fdf1f143b41e24485cea50d1cbac27 -> 
  custom:video-encoder-webm-vp8: eb34c28f22e8b96e1ab97ce403110664 -> 
  custom:video-codec-MediaFoundation-h265: 746d11721c4dcdbdad8f713fa42b33f4 -> 
  custom:video-decoder-webm-vp8: 9c59270c3fd7afecdb556c50c9e8de78 -> 
  custom:audio-decoder-ogg-vorbis: bf7c407c2cedff20999df2af8eb42d56 -> 
  custom:audio-encoder-webm-vorbis: bf7c407c2cedff20999df2af8eb42d56 -> 
========================================================================
Received Import Request.
  Time since last request: 350.718554 seconds.
  path: Assets/New Animation.anim
  artifactKey: Guid(437a225895c8b1241b126baabc013973) Importer(815301076,1909f56bfc062723c751e8b465ee728b)
Start importing Assets/New Animation.anim using Guid(437a225895c8b1241b126baabc013973) Importer(815301076,1909f56bfc062723c751e8b465ee728b)  -> (artifact id: '3c9900617062f968aa369a4ee0d0474b') in 0.075106 seconds 
  Import took 0.082362 seconds .

========================================================================
Received Import Request.
  Time since last request: 0.000305 seconds.
  path: Assets/TextMesh Pro
  artifactKey: Guid(f54d1bd14bd3ca042bd867b519fee8cc) Importer(815301076,1909f56bfc062723c751e8b465ee728b)
Start importing Assets/TextMesh Pro using Guid(f54d1bd14bd3ca042bd867b519fee8cc) Importer(815301076,1909f56bfc062723c751e8b465ee728b)  -> (artifact id: '16b4cbde9565bf190136f1148817e1ea') in 0.024844 seconds 
  Import took 0.031691 seconds .

========================================================================
Received Import Request.
  Time since last request: 9.005092 seconds.
  path: Assets/Packages
  artifactKey: Guid(8b17f03adec391d40be558535f6202b6) Importer(815301076,1909f56bfc062723c751e8b465ee728b)
Start importing Assets/Packages using Guid(8b17f03adec391d40be558535f6202b6) Importer(815301076,1909f56bfc062723c751e8b465ee728b)  -> (artifact id: 'cad6c3ab067611b140a3ceac4ba99031') in 0.019611 seconds 
  Import took 0.028033 seconds .

========================================================================
Received Import Request.
  Time since last request: 11.384292 seconds.
  path: Assets/Packages/Flames Of The Phoenix
  artifactKey: Guid(073efe31d62f43c40a00004da3289c80) Importer(815301076,1909f56bfc062723c751e8b465ee728b)
Start importing Assets/Packages/Flames Of The Phoenix using Guid(073efe31d62f43c40a00004da3289c80) Importer(815301076,1909f56bfc062723c751e8b465ee728b)  -> (artifact id: '900d750d5620ef2c8a06c9139607bf21') in 0.023464 seconds 
  Import took 0.041834 seconds .

========================================================================
Received Import Request.
  Time since last request: 0.974796 seconds.
  path: Assets/Packages/Flames Of The Phoenix/Fire
  artifactKey: Guid(2c09008e3c853b44ba8da93602ab541a) Importer(815301076,1909f56bfc062723c751e8b465ee728b)
Start importing Assets/Packages/Flames Of The Phoenix/Fire using Guid(2c09008e3c853b44ba8da93602ab541a) Importer(815301076,1909f56bfc062723c751e8b465ee728b)  -> (artifact id: '9b4c9f461612e7b9ed3e88144fae0927') in 0.022663 seconds 
  Import took 0.030634 seconds .

========================================================================
Received Import Request.
  Time since last request: 0.678405 seconds.
  path: Assets/Packages/Flames Of The Phoenix/Fire/Complex
  artifactKey: Guid(006f805b3fcc0bc408f12d046d969000) Importer(815301076,1909f56bfc062723c751e8b465ee728b)
Start importing Assets/Packages/Flames Of The Phoenix/Fire/Complex using Guid(006f805b3fcc0bc408f12d046d969000) Importer(815301076,1909f56bfc062723c751e8b465ee728b)  -> (artifact id: '2bbe46e0a6fd7c669b52fffbd64eb3c2') in 0.021960 seconds 
  Import took 0.028138 seconds .

========================================================================
Received Import Request.
  Time since last request: 2.348590 seconds.
  path: Assets/Packages/Flames Of The Phoenix/Fire/Complex/Orange
  artifactKey: Guid(449701fe9de75f14c8035818e90582a2) Importer(815301076,1909f56bfc062723c751e8b465ee728b)
Start importing Assets/Packages/Flames Of The Phoenix/Fire/Complex/Orange using Guid(449701fe9de75f14c8035818e90582a2) Importer(815301076,1909f56bfc062723c751e8b465ee728b)  -> (artifact id: 'e99810345a87ceaecae82e93869ece19') in 0.023919 seconds 
  Import took 0.030439 seconds .

========================================================================
Received Import Request.
  Time since last request: 8.864681 seconds.
  path: Assets/Packages/Flames Of The Phoenix/Materials/Fire_Material_ShortAnimation.mat
  artifactKey: Guid(721d968c02b519f48a9f4f5a4d69e871) Importer(815301076,1909f56bfc062723c751e8b465ee728b)
Start importing Assets/Packages/Flames Of The Phoenix/Materials/Fire_Material_ShortAnimation.mat using Guid(721d968c02b519f48a9f4f5a4d69e871) Importer(815301076,1909f56bfc062723c751e8b465ee728b)  -> (artifact id: '8dc1eb8c79b80b33b32685377a45f14d') in 0.287264 seconds 
  Import took 0.291658 seconds .

========================================================================
Received Import Request.
  Time since last request: 8.197887 seconds.
  path: Assets/Packages/Flames Of The Phoenix/Materials/Fire_Material_NoAnimation.mat
  artifactKey: Guid(22c6a5b4cc5ff574cac06495b5f3ca4c) Importer(815301076,1909f56bfc062723c751e8b465ee728b)
Start importing Assets/Packages/Flames Of The Phoenix/Materials/Fire_Material_NoAnimation.mat using Guid(22c6a5b4cc5ff574cac06495b5f3ca4c) Importer(815301076,1909f56bfc062723c751e8b465ee728b)  -> (artifact id: '92d00bc913734e6d7d6de2d045da97f5') in 0.124690 seconds 
  Import took 0.134288 seconds .

========================================================================
Received Import Request.
  Time since last request: 28.919017 seconds.
  path: Assets/Packages/Flames Of The Phoenix/Materials/Smoke_Material_ShortAnimation.mat
  artifactKey: Guid(345486b6bcaacd44da1ca50e023d264f) Importer(815301076,1909f56bfc062723c751e8b465ee728b)
Start importing Assets/Packages/Flames Of The Phoenix/Materials/Smoke_Material_ShortAnimation.mat using Guid(345486b6bcaacd44da1ca50e023d264f) Importer(815301076,1909f56bfc062723c751e8b465ee728b)  -> (artifact id: '08a95d393bd0e4e89c55aa1739ae3374') in 0.105587 seconds 
  Import took 0.117213 seconds .

========================================================================
Received Import Request.
  Time since last request: 11.730090 seconds.
  path: Assets/Packages/Flames Of The Phoenix/Materials/Fire_Material_LongAnimation.mat
  artifactKey: Guid(9d06a80d573014449b0b4b8c63ad7c85) Importer(815301076,1909f56bfc062723c751e8b465ee728b)
Start importing Assets/Packages/Flames Of The Phoenix/Materials/Fire_Material_LongAnimation.mat using Guid(9d06a80d573014449b0b4b8c63ad7c85) Importer(815301076,1909f56bfc062723c751e8b465ee728b)  -> (artifact id: '8a8842f3423a52711cd6f9ec69ff2fb8') in 0.065399 seconds 
  Import took 0.071334 seconds .

========================================================================
Received Import Request.
  Time since last request: 289.881734 seconds.
  path: Assets/Packages/Flames Of The Phoenix/Textures/Fire_Texture_NoAnimation.png
  artifactKey: Guid(b6da10e02bf5d2a448c2f6ceb7a33282) Importer(815301076,1909f56bfc062723c751e8b465ee728b)
Start importing Assets/Packages/Flames Of The Phoenix/Textures/Fire_Texture_NoAnimation.png using Guid(b6da10e02bf5d2a448c2f6ceb7a33282) Importer(815301076,1909f56bfc062723c751e8b465ee728b)  -> (artifact id: '8160bba7b762636e2cfeda286ad3e551') in 0.143771 seconds 
  Import took 0.150820 seconds .

========================================================================
Received Import Request.
  Time since last request: 73.214361 seconds.
  path: Assets/Packages/Flames Of The Phoenix/Textures/Smoke_Texture_ShortAnimation.png
  artifactKey: Guid(85817782827c9ad4db4c2b46851b6154) Importer(815301076,1909f56bfc062723c751e8b465ee728b)
Start importing Assets/Packages/Flames Of The Phoenix/Textures/Smoke_Texture_ShortAnimation.png using Guid(85817782827c9ad4db4c2b46851b6154) Importer(815301076,1909f56bfc062723c751e8b465ee728b)  -> (artifact id: 'cff60d8ae14cf9ff65db8c6aae6cdd5e') in 0.070824 seconds 
  Import took 0.078128 seconds .

========================================================================
Received Import Request.
  Time since last request: 172.731712 seconds.
  path: Assets/Packages/Flames Of The Phoenix/Fire/Simple
  artifactKey: Guid(6f2d87ab442cb8d48b70adb73dc34f9a) Importer(815301076,1909f56bfc062723c751e8b465ee728b)
Start importing Assets/Packages/Flames Of The Phoenix/Fire/Simple using Guid(6f2d87ab442cb8d48b70adb73dc34f9a) Importer(815301076,1909f56bfc062723c751e8b465ee728b)  -> (artifact id: '0abaa75940c2e6fce7d3bfbde0c3ad02') in 0.042568 seconds 
  Import took 0.049847 seconds .

========================================================================
Received Import Request.
  Time since last request: 3.490101 seconds.
  path: Assets/Packages/Flames Of The Phoenix/Fire/Simple/Frost
  artifactKey: Guid(cbeb74a33b4d3864380ea8b6aa3d0857) Importer(815301076,1909f56bfc062723c751e8b465ee728b)
Start importing Assets/Packages/Flames Of The Phoenix/Fire/Simple/Frost using Guid(cbeb74a33b4d3864380ea8b6aa3d0857) Importer(815301076,1909f56bfc062723c751e8b465ee728b)  -> (artifact id: '5d64fff312169f36038d251dcec0187c') in 0.020760 seconds 
  Import took 0.026807 seconds .

========================================================================
Received Import Request.
  Time since last request: 4.920958 seconds.
  path: Assets/Packages/Flames Of The Phoenix/Fire/Simple/Royal
  artifactKey: Guid(3a2a871b12ae314468ec6bdc89d163cf) Importer(815301076,1909f56bfc062723c751e8b465ee728b)
Start importing Assets/Packages/Flames Of The Phoenix/Fire/Simple/Royal using Guid(3a2a871b12ae314468ec6bdc89d163cf) Importer(815301076,1909f56bfc062723c751e8b465ee728b)  -> (artifact id: '01885aa2c0528d5f62d5cce52e8ab993') in 0.019343 seconds 
  Import took 0.036931 seconds .

========================================================================
Received Import Request.
  Time since last request: 35.066571 seconds.
  path: Assets/Packages/Flames Of The Phoenix/Fire/Simple/Soul
  artifactKey: Guid(4895e1708a3612d43a8c736a42387587) Importer(815301076,1909f56bfc062723c751e8b465ee728b)
Start importing Assets/Packages/Flames Of The Phoenix/Fire/Simple/Soul using Guid(4895e1708a3612d43a8c736a42387587) Importer(815301076,1909f56bfc062723c751e8b465ee728b)  -> (artifact id: 'a3fe88e5785f176ce86890bb738782c2') in 0.033823 seconds 
  Import took 0.038984 seconds .

========================================================================
Received Import Request.
  Time since last request: 47.112655 seconds.
  path: Assets/Packages/Flames Of The Phoenix/Fire/Simple/Orange
  artifactKey: Guid(6d398950e63014f4bacbb141f6554698) Importer(815301076,1909f56bfc062723c751e8b465ee728b)
Start importing Assets/Packages/Flames Of The Phoenix/Fire/Simple/Orange using Guid(6d398950e63014f4bacbb141f6554698) Importer(815301076,1909f56bfc062723c751e8b465ee728b)  -> (artifact id: '9d83c3c75de35a788ebe6077a9842465') in 0.019653 seconds 
  Import took 0.030733 seconds .

========================================================================
Received Prepare
Registering precompiled user dll's ...
Registered in 0.007767 seconds.
Begin MonoManager ReloadAssembly
Native extension for WindowsStandalone target not found
Refreshing native plugins compatible for Editor in 0.52 ms, found 2 plugins.
Preloading 0 native plugins for Editor in 0.00 ms.
Mono: successfully reloaded assembly
- Completed reload, in  1.543 seconds
Domain Reload Profiling:
	ReloadAssembly (1544ms)
		BeginReloadAssembly (343ms)
			ExecutionOrderSort (0ms)
			DisableScriptedObjects (12ms)
			BackupInstance (0ms)
			ReleaseScriptingObjects (0ms)
			CreateAndSetChildDomain (155ms)
		EndReloadAssembly (1110ms)
			LoadAssemblies (173ms)
			RebuildTransferFunctionScriptingTraits (0ms)
			SetupTypeCache (385ms)
			ReleaseScriptCaches (1ms)
			RebuildScriptCaches (52ms)
			SetupLoadedEditorAssemblies (421ms)
				LogAssemblyErrors (0ms)
				InitializePlatformSupportModulesInManaged (8ms)
				SetLoadedEditorAssemblies (1ms)
				RefreshPlugins (1ms)
				BeforeProcessingInitializeOnLoad (117ms)
				ProcessInitializeOnLoadAttributes (282ms)
				ProcessInitializeOnLoadMethodAttributes (5ms)
				AfterProcessingInitializeOnLoad (8ms)
				EditorAssembliesLoaded (0ms)
			ExecutionOrderSort2 (0ms)
			AwakeInstancesAfterBackupRestoration (8ms)
Platform modules already initialized, skipping
Refreshing native plugins compatible for Editor in 0.53 ms, found 2 plugins.
Preloading 0 native plugins for Editor in 0.00 ms.
Unloading 1838 Unused Serialized files (Serialized files now loaded: 0)
System memory in use before: 90.9 MB.
System memory in use after: 91.0 MB.

Unloading 11 unused Assets to reduce memory usage. Loaded Objects now: 2399.
Total: 3.872400 ms (FindLiveObjects: 0.510900 ms CreateObjectMapping: 0.093500 ms MarkObjects: 3.243400 ms  DeleteObjects: 0.022800 ms)

AssetImportParameters requested are different than current active one (requested -> active):
  custom:framework-win-MediaFoundation: 216162199b28c13a410421893ffa2e32 -> 
  custom:video-decoder-ogg-theora: a1e56fd34408186e4bbccfd4996cb3dc -> 
  custom:container-muxer-webm: aa71ff27fc2769a1b78a27578f13a17b -> 
  custom:container-demuxer-webm: 4f35f7cbe854078d1ac9338744f61a02 -> 
  custom:container-demuxer-ogg: 62fdf1f143b41e24485cea50d1cbac27 -> 
  custom:video-encoder-webm-vp8: eb34c28f22e8b96e1ab97ce403110664 -> 
  custom:video-codec-MediaFoundation-h265: 746d11721c4dcdbdad8f713fa42b33f4 -> 
  custom:video-decoder-webm-vp8: 9c59270c3fd7afecdb556c50c9e8de78 -> 
  custom:audio-decoder-ogg-vorbis: bf7c407c2cedff20999df2af8eb42d56 -> 
  custom:audio-encoder-webm-vorbis: bf7c407c2cedff20999df2af8eb42d56 -> 
========================================================================
Received Prepare
Registering precompiled user dll's ...
Registered in 0.020764 seconds.
Begin MonoManager ReloadAssembly
Native extension for WindowsStandalone target not found
Refreshing native plugins compatible for Editor in 1.01 ms, found 2 plugins.
Preloading 0 native plugins for Editor in 0.00 ms.
Mono: successfully reloaded assembly
- Completed reload, in  3.049 seconds
Domain Reload Profiling:
	ReloadAssembly (3050ms)
		BeginReloadAssembly (487ms)
			ExecutionOrderSort (0ms)
			DisableScriptedObjects (22ms)
			BackupInstance (0ms)
			ReleaseScriptingObjects (0ms)
			CreateAndSetChildDomain (68ms)
		EndReloadAssembly (2435ms)
			LoadAssemblies (446ms)
			RebuildTransferFunctionScriptingTraits (0ms)
			SetupTypeCache (1134ms)
			ReleaseScriptCaches (1ms)
			RebuildScriptCaches (94ms)
			SetupLoadedEditorAssemblies (668ms)
				LogAssemblyErrors (0ms)
				InitializePlatformSupportModulesInManaged (51ms)
				SetLoadedEditorAssemblies (1ms)
				RefreshPlugins (1ms)
				BeforeProcessingInitializeOnLoad (210ms)
				ProcessInitializeOnLoadAttributes (388ms)
				ProcessInitializeOnLoadMethodAttributes (6ms)
				AfterProcessingInitializeOnLoad (11ms)
				EditorAssembliesLoaded (0ms)
			ExecutionOrderSort2 (0ms)
			AwakeInstancesAfterBackupRestoration (10ms)
Platform modules already initialized, skipping
Refreshing native plugins compatible for Editor in 0.51 ms, found 2 plugins.
Preloading 0 native plugins for Editor in 0.00 ms.
Unloading 1838 Unused Serialized files (Serialized files now loaded: 0)
System memory in use before: 90.9 MB.
System memory in use after: 91.1 MB.

Unloading 11 unused Assets to reduce memory usage. Loaded Objects now: 2401.
Total: 4.261700 ms (FindLiveObjects: 0.318900 ms CreateObjectMapping: 0.164200 ms MarkObjects: 3.620400 ms  DeleteObjects: 0.156200 ms)

AssetImportParameters requested are different than current active one (requested -> active):
  custom:framework-win-MediaFoundation: 216162199b28c13a410421893ffa2e32 -> 
  custom:video-decoder-ogg-theora: a1e56fd34408186e4bbccfd4996cb3dc -> 
  custom:container-muxer-webm: aa71ff27fc2769a1b78a27578f13a17b -> 
  custom:container-demuxer-webm: 4f35f7cbe854078d1ac9338744f61a02 -> 
  custom:container-demuxer-ogg: 62fdf1f143b41e24485cea50d1cbac27 -> 
  custom:video-encoder-webm-vp8: eb34c28f22e8b96e1ab97ce403110664 -> 
  custom:video-codec-MediaFoundation-h265: 746d11721c4dcdbdad8f713fa42b33f4 -> 
  custom:video-decoder-webm-vp8: 9c59270c3fd7afecdb556c50c9e8de78 -> 
  custom:audio-decoder-ogg-vorbis: bf7c407c2cedff20999df2af8eb42d56 -> 
  custom:audio-encoder-webm-vorbis: bf7c407c2cedff20999df2af8eb42d56 -> 
========================================================================
Received Prepare
Registering precompiled user dll's ...
Registered in 0.006407 seconds.
Begin MonoManager ReloadAssembly
Native extension for WindowsStandalone target not found
Refreshing native plugins compatible for Editor in 0.49 ms, found 2 plugins.
Preloading 0 native plugins for Editor in 0.00 ms.
Mono: successfully reloaded assembly
- Completed reload, in  1.613 seconds
Domain Reload Profiling:
	ReloadAssembly (1613ms)
		BeginReloadAssembly (173ms)
			ExecutionOrderSort (0ms)
			DisableScriptedObjects (9ms)
			BackupInstance (0ms)
			ReleaseScriptingObjects (0ms)
			CreateAndSetChildDomain (47ms)
		EndReloadAssembly (1287ms)
			LoadAssemblies (141ms)
			RebuildTransferFunctionScriptingTraits (0ms)
			SetupTypeCache (562ms)
			ReleaseScriptCaches (2ms)
			RebuildScriptCaches (52ms)
			SetupLoadedEditorAssemblies (398ms)
				LogAssemblyErrors (0ms)
				InitializePlatformSupportModulesInManaged (6ms)
				SetLoadedEditorAssemblies (1ms)
				RefreshPlugins (1ms)
				BeforeProcessingInitializeOnLoad (115ms)
				ProcessInitializeOnLoadAttributes (263ms)
				ProcessInitializeOnLoadMethodAttributes (5ms)
				AfterProcessingInitializeOnLoad (8ms)
				EditorAssembliesLoaded (0ms)
			ExecutionOrderSort2 (0ms)
			AwakeInstancesAfterBackupRestoration (8ms)
Platform modules already initialized, skipping
Refreshing native plugins compatible for Editor in 0.71 ms, found 2 plugins.
Preloading 0 native plugins for Editor in 0.00 ms.
Unloading 1838 Unused Serialized files (Serialized files now loaded: 0)
System memory in use before: 90.9 MB.
System memory in use after: 91.1 MB.

Unloading 11 unused Assets to reduce memory usage. Loaded Objects now: 2403.
Total: 4.527600 ms (FindLiveObjects: 0.413300 ms CreateObjectMapping: 0.158800 ms MarkObjects: 3.842600 ms  DeleteObjects: 0.110900 ms)

AssetImportParameters requested are different than current active one (requested -> active):
  custom:framework-win-MediaFoundation: 216162199b28c13a410421893ffa2e32 -> 
  custom:video-decoder-ogg-theora: a1e56fd34408186e4bbccfd4996cb3dc -> 
  custom:container-muxer-webm: aa71ff27fc2769a1b78a27578f13a17b -> 
  custom:container-demuxer-webm: 4f35f7cbe854078d1ac9338744f61a02 -> 
  custom:container-demuxer-ogg: 62fdf1f143b41e24485cea50d1cbac27 -> 
  custom:video-encoder-webm-vp8: eb34c28f22e8b96e1ab97ce403110664 -> 
  custom:video-codec-MediaFoundation-h265: 746d11721c4dcdbdad8f713fa42b33f4 -> 
  custom:video-decoder-webm-vp8: 9c59270c3fd7afecdb556c50c9e8de78 -> 
  custom:audio-decoder-ogg-vorbis: bf7c407c2cedff20999df2af8eb42d56 -> 
  custom:audio-encoder-webm-vorbis: bf7c407c2cedff20999df2af8eb42d56 -> 
========================================================================
Received Prepare
Registering precompiled user dll's ...
Registered in 0.005564 seconds.
Begin MonoManager ReloadAssembly
Native extension for WindowsStandalone target not found
Refreshing native plugins compatible for Editor in 0.50 ms, found 2 plugins.
Preloading 0 native plugins for Editor in 0.00 ms.
Mono: successfully reloaded assembly
- Completed reload, in  1.436 seconds
Domain Reload Profiling:
	ReloadAssembly (1436ms)
		BeginReloadAssembly (187ms)
			ExecutionOrderSort (0ms)
			DisableScriptedObjects (7ms)
			BackupInstance (0ms)
			ReleaseScriptingObjects (0ms)
			CreateAndSetChildDomain (51ms)
		EndReloadAssembly (1148ms)
			LoadAssemblies (134ms)
			RebuildTransferFunctionScriptingTraits (0ms)
			SetupTypeCache (401ms)
			ReleaseScriptCaches (1ms)
			RebuildScriptCaches (58ms)
			SetupLoadedEditorAssemblies (434ms)
				LogAssemblyErrors (0ms)
				InitializePlatformSupportModulesInManaged (6ms)
				SetLoadedEditorAssemblies (1ms)
				RefreshPlugins (1ms)
				BeforeProcessingInitializeOnLoad (133ms)
				ProcessInitializeOnLoadAttributes (277ms)
				ProcessInitializeOnLoadMethodAttributes (5ms)
				AfterProcessingInitializeOnLoad (12ms)
				EditorAssembliesLoaded (0ms)
			ExecutionOrderSort2 (0ms)
			AwakeInstancesAfterBackupRestoration (8ms)
Platform modules already initialized, skipping
Refreshing native plugins compatible for Editor in 0.59 ms, found 2 plugins.
Preloading 0 native plugins for Editor in 0.00 ms.
Unloading 1838 Unused Serialized files (Serialized files now loaded: 0)
System memory in use before: 91.0 MB.
System memory in use after: 91.1 MB.

Unloading 11 unused Assets to reduce memory usage. Loaded Objects now: 2405.
Total: 5.160100 ms (FindLiveObjects: 0.397400 ms CreateObjectMapping: 0.195600 ms MarkObjects: 4.511600 ms  DeleteObjects: 0.053600 ms)

AssetImportParameters requested are different than current active one (requested -> active):
  custom:framework-win-MediaFoundation: 216162199b28c13a410421893ffa2e32 -> 
  custom:video-decoder-ogg-theora: a1e56fd34408186e4bbccfd4996cb3dc -> 
  custom:container-muxer-webm: aa71ff27fc2769a1b78a27578f13a17b -> 
  custom:container-demuxer-webm: 4f35f7cbe854078d1ac9338744f61a02 -> 
  custom:container-demuxer-ogg: 62fdf1f143b41e24485cea50d1cbac27 -> 
  custom:video-encoder-webm-vp8: eb34c28f22e8b96e1ab97ce403110664 -> 
  custom:video-codec-MediaFoundation-h265: 746d11721c4dcdbdad8f713fa42b33f4 -> 
  custom:video-decoder-webm-vp8: 9c59270c3fd7afecdb556c50c9e8de78 -> 
  custom:audio-decoder-ogg-vorbis: bf7c407c2cedff20999df2af8eb42d56 -> 
  custom:audio-encoder-webm-vorbis: bf7c407c2cedff20999df2af8eb42d56 -> 
========================================================================
Received Prepare
Registering precompiled user dll's ...
Registered in 0.039341 seconds.
Begin MonoManager ReloadAssembly
Native extension for WindowsStandalone target not found
Refreshing native plugins compatible for Editor in 0.51 ms, found 2 plugins.
Preloading 0 native plugins for Editor in 0.00 ms.
Mono: successfully reloaded assembly
- Completed reload, in  1.376 seconds
Domain Reload Profiling:
	ReloadAssembly (1376ms)
		BeginReloadAssembly (161ms)
			ExecutionOrderSort (0ms)
			DisableScriptedObjects (5ms)
			BackupInstance (0ms)
			ReleaseScriptingObjects (0ms)
			CreateAndSetChildDomain (39ms)
		EndReloadAssembly (1127ms)
			LoadAssemblies (177ms)
			RebuildTransferFunctionScriptingTraits (0ms)
			SetupTypeCache (341ms)
			ReleaseScriptCaches (1ms)
			RebuildScriptCaches (47ms)
			SetupLoadedEditorAssemblies (369ms)
				LogAssemblyErrors (0ms)
				InitializePlatformSupportModulesInManaged (6ms)
				SetLoadedEditorAssemblies (1ms)
				RefreshPlugins (1ms)
				BeforeProcessingInitializeOnLoad (110ms)
				ProcessInitializeOnLoadAttributes (238ms)
				ProcessInitializeOnLoadMethodAttributes (5ms)
				AfterProcessingInitializeOnLoad (8ms)
				EditorAssembliesLoaded (0ms)
			ExecutionOrderSort2 (0ms)
			AwakeInstancesAfterBackupRestoration (8ms)
Platform modules already initialized, skipping
Refreshing native plugins compatible for Editor in 1.14 ms, found 2 plugins.
Preloading 0 native plugins for Editor in 0.00 ms.
Unloading 1838 Unused Serialized files (Serialized files now loaded: 0)
System memory in use before: 91.0 MB.
System memory in use after: 91.1 MB.

Unloading 11 unused Assets to reduce memory usage. Loaded Objects now: 2407.
Total: 16.802700 ms (FindLiveObjects: 2.817200 ms CreateObjectMapping: 0.526400 ms MarkObjects: 13.346500 ms  DeleteObjects: 0.106300 ms)

AssetImportParameters requested are different than current active one (requested -> active):
  custom:framework-win-MediaFoundation: 216162199b28c13a410421893ffa2e32 -> 
  custom:video-decoder-ogg-theora: a1e56fd34408186e4bbccfd4996cb3dc -> 
  custom:container-muxer-webm: aa71ff27fc2769a1b78a27578f13a17b -> 
  custom:container-demuxer-webm: 4f35f7cbe854078d1ac9338744f61a02 -> 
  custom:container-demuxer-ogg: 62fdf1f143b41e24485cea50d1cbac27 -> 
  custom:video-encoder-webm-vp8: eb34c28f22e8b96e1ab97ce403110664 -> 
  custom:video-codec-MediaFoundation-h265: 746d11721c4dcdbdad8f713fa42b33f4 -> 
  custom:video-decoder-webm-vp8: 9c59270c3fd7afecdb556c50c9e8de78 -> 
  custom:audio-decoder-ogg-vorbis: bf7c407c2cedff20999df2af8eb42d56 -> 
  custom:audio-encoder-webm-vorbis: bf7c407c2cedff20999df2af8eb42d56 -> 
========================================================================
Received Prepare
Registering precompiled user dll's ...
Registered in 0.007657 seconds.
Begin MonoManager ReloadAssembly
Native extension for WindowsStandalone target not found
Refreshing native plugins compatible for Editor in 0.56 ms, found 2 plugins.
Preloading 0 native plugins for Editor in 0.00 ms.
Mono: successfully reloaded assembly
- Completed reload, in  1.913 seconds
Domain Reload Profiling:
	ReloadAssembly (1914ms)
		BeginReloadAssembly (199ms)
			ExecutionOrderSort (0ms)
			DisableScriptedObjects (7ms)
			BackupInstance (0ms)
			ReleaseScriptingObjects (0ms)
			CreateAndSetChildDomain (57ms)
		EndReloadAssembly (1585ms)
			LoadAssemblies (162ms)
			RebuildTransferFunctionScriptingTraits (0ms)
			SetupTypeCache (528ms)
			ReleaseScriptCaches (1ms)
			RebuildScriptCaches (73ms)
			SetupLoadedEditorAssemblies (660ms)
				LogAssemblyErrors (0ms)
				InitializePlatformSupportModulesInManaged (9ms)
				SetLoadedEditorAssemblies (1ms)
				RefreshPlugins (1ms)
				BeforeProcessingInitializeOnLoad (181ms)
				ProcessInitializeOnLoadAttributes (452ms)
				ProcessInitializeOnLoadMethodAttributes (6ms)
				AfterProcessingInitializeOnLoad (10ms)
				EditorAssembliesLoaded (0ms)
			ExecutionOrderSort2 (0ms)
			AwakeInstancesAfterBackupRestoration (11ms)
Platform modules already initialized, skipping
Refreshing native plugins compatible for Editor in 0.63 ms, found 2 plugins.
Preloading 0 native plugins for Editor in 0.00 ms.
Unloading 1838 Unused Serialized files (Serialized files now loaded: 0)
System memory in use before: 91.0 MB.
System memory in use after: 91.1 MB.

Unloading 11 unused Assets to reduce memory usage. Loaded Objects now: 2409.
Total: 5.809700 ms (FindLiveObjects: 0.278600 ms CreateObjectMapping: 0.088800 ms MarkObjects: 5.374000 ms  DeleteObjects: 0.066000 ms)

AssetImportParameters requested are different than current active one (requested -> active):
  custom:framework-win-MediaFoundation: 216162199b28c13a410421893ffa2e32 -> 
  custom:video-decoder-ogg-theora: a1e56fd34408186e4bbccfd4996cb3dc -> 
  custom:container-muxer-webm: aa71ff27fc2769a1b78a27578f13a17b -> 
  custom:container-demuxer-webm: 4f35f7cbe854078d1ac9338744f61a02 -> 
  custom:container-demuxer-ogg: 62fdf1f143b41e24485cea50d1cbac27 -> 
  custom:video-encoder-webm-vp8: eb34c28f22e8b96e1ab97ce403110664 -> 
  custom:video-codec-MediaFoundation-h265: 746d11721c4dcdbdad8f713fa42b33f4 -> 
  custom:video-decoder-webm-vp8: 9c59270c3fd7afecdb556c50c9e8de78 -> 
  custom:audio-decoder-ogg-vorbis: bf7c407c2cedff20999df2af8eb42d56 -> 
  custom:audio-encoder-webm-vorbis: bf7c407c2cedff20999df2af8eb42d56 -> 
========================================================================
Received Prepare
Registering precompiled user dll's ...
Registered in 0.067090 seconds.
Begin MonoManager ReloadAssembly
Native extension for WindowsStandalone target not found
Refreshing native plugins compatible for Editor in 2.44 ms, found 2 plugins.
Preloading 0 native plugins for Editor in 0.00 ms.
Mono: successfully reloaded assembly
- Completed reload, in 11.538 seconds
Domain Reload Profiling:
	ReloadAssembly (11541ms)
		BeginReloadAssembly (1171ms)
			ExecutionOrderSort (0ms)
			DisableScriptedObjects (40ms)
			BackupInstance (0ms)
			ReleaseScriptingObjects (0ms)
			CreateAndSetChildDomain (328ms)
		EndReloadAssembly (8236ms)
			LoadAssemblies (1594ms)
			RebuildTransferFunctionScriptingTraits (0ms)
			SetupTypeCache (3229ms)
			ReleaseScriptCaches (2ms)
			RebuildScriptCaches (313ms)
			SetupLoadedEditorAssemblies (2620ms)
				LogAssemblyErrors (0ms)
				InitializePlatformSupportModulesInManaged (48ms)
				SetLoadedEditorAssemblies (4ms)
				RefreshPlugins (3ms)
				BeforeProcessingInitializeOnLoad (724ms)
				ProcessInitializeOnLoadAttributes (1768ms)
				ProcessInitializeOnLoadMethodAttributes (26ms)
				AfterProcessingInitializeOnLoad (45ms)
				EditorAssembliesLoaded (2ms)
			ExecutionOrderSort2 (0ms)
			AwakeInstancesAfterBackupRestoration (33ms)
Platform modules already initialized, skipping
Refreshing native plugins compatible for Editor in 9.14 ms, found 2 plugins.
Preloading 0 native plugins for Editor in 0.00 ms.
Unloading 1838 Unused Serialized files (Serialized files now loaded: 0)
System memory in use before: 91.0 MB.
System memory in use after: 91.1 MB.

Unloading 11 unused Assets to reduce memory usage. Loaded Objects now: 2411.
Total: 14.232900 ms (FindLiveObjects: 1.553400 ms CreateObjectMapping: 0.309700 ms MarkObjects: 12.045200 ms  DeleteObjects: 0.311000 ms)

AssetImportParameters requested are different than current active one (requested -> active):
  custom:framework-win-MediaFoundation: 216162199b28c13a410421893ffa2e32 -> 
  custom:video-decoder-ogg-theora: a1e56fd34408186e4bbccfd4996cb3dc -> 
  custom:container-muxer-webm: aa71ff27fc2769a1b78a27578f13a17b -> 
  custom:container-demuxer-webm: 4f35f7cbe854078d1ac9338744f61a02 -> 
  custom:container-demuxer-ogg: 62fdf1f143b41e24485cea50d1cbac27 -> 
  custom:video-encoder-webm-vp8: eb34c28f22e8b96e1ab97ce403110664 -> 
  custom:video-codec-MediaFoundation-h265: 746d11721c4dcdbdad8f713fa42b33f4 -> 
  custom:video-decoder-webm-vp8: 9c59270c3fd7afecdb556c50c9e8de78 -> 
  custom:audio-decoder-ogg-vorbis: bf7c407c2cedff20999df2af8eb42d56 -> 
  custom:audio-encoder-webm-vorbis: bf7c407c2cedff20999df2af8eb42d56 -> 
========================================================================
Received Prepare
Registering precompiled user dll's ...
Registered in 0.004192 seconds.
Begin MonoManager ReloadAssembly
Native extension for WindowsStandalone target not found
Refreshing native plugins compatible for Editor in 0.49 ms, found 2 plugins.
Preloading 0 native plugins for Editor in 0.00 ms.
Mono: successfully reloaded assembly
- Completed reload, in  1.329 seconds
Domain Reload Profiling:
	ReloadAssembly (1329ms)
		BeginReloadAssembly (218ms)
			ExecutionOrderSort (0ms)
			DisableScriptedObjects (7ms)
			BackupInstance (0ms)
			ReleaseScriptingObjects (0ms)
			CreateAndSetChildDomain (51ms)
		EndReloadAssembly (1005ms)
			LoadAssemblies (137ms)
			RebuildTransferFunctionScriptingTraits (0ms)
			SetupTypeCache (324ms)
			ReleaseScriptCaches (1ms)
			RebuildScriptCaches (47ms)
			SetupLoadedEditorAssemblies (395ms)
				LogAssemblyErrors (0ms)
				InitializePlatformSupportModulesInManaged (6ms)
				SetLoadedEditorAssemblies (1ms)
				RefreshPlugins (1ms)
				BeforeProcessingInitializeOnLoad (122ms)
				ProcessInitializeOnLoadAttributes (251ms)
				ProcessInitializeOnLoadMethodAttributes (6ms)
				AfterProcessingInitializeOnLoad (8ms)
				EditorAssembliesLoaded (0ms)
			ExecutionOrderSort2 (0ms)
			AwakeInstancesAfterBackupRestoration (9ms)
Platform modules already initialized, skipping
Refreshing native plugins compatible for Editor in 0.51 ms, found 2 plugins.
Preloading 0 native plugins for Editor in 0.00 ms.
Unloading 1838 Unused Serialized files (Serialized files now loaded: 0)
System memory in use before: 91.0 MB.
System memory in use after: 91.1 MB.

Unloading 11 unused Assets to reduce memory usage. Loaded Objects now: 2413.
Total: 3.870300 ms (FindLiveObjects: 0.245700 ms CreateObjectMapping: 0.080700 ms MarkObjects: 3.505500 ms  DeleteObjects: 0.036800 ms)

AssetImportParameters requested are different than current active one (requested -> active):
  custom:framework-win-MediaFoundation: 216162199b28c13a410421893ffa2e32 -> 
  custom:video-decoder-ogg-theora: a1e56fd34408186e4bbccfd4996cb3dc -> 
  custom:container-muxer-webm: aa71ff27fc2769a1b78a27578f13a17b -> 
  custom:container-demuxer-webm: 4f35f7cbe854078d1ac9338744f61a02 -> 
  custom:container-demuxer-ogg: 62fdf1f143b41e24485cea50d1cbac27 -> 
  custom:video-encoder-webm-vp8: eb34c28f22e8b96e1ab97ce403110664 -> 
  custom:video-codec-MediaFoundation-h265: 746d11721c4dcdbdad8f713fa42b33f4 -> 
  custom:video-decoder-webm-vp8: 9c59270c3fd7afecdb556c50c9e8de78 -> 
  custom:audio-decoder-ogg-vorbis: bf7c407c2cedff20999df2af8eb42d56 -> 
  custom:audio-encoder-webm-vorbis: bf7c407c2cedff20999df2af8eb42d56 -> 
AssetImportWorkerClient::OnTransportError - code=2 error=End of file
